INFO:sim:172 - Generating IP...
Resolving generics for 'wintwo'...
Applying external generics to 'wintwo'...
Delivering associated files for 'wintwo'...
Delivering EJava files for 'wintwo'...
Generating implementation netlist for 'wintwo'...
INFO:sim - Pre-processing HDL files for 'wintwo'...
Running synthesis for 'wintwo'
Running ngcbuild...
Writing VEO instantiation template for 'wintwo'...
Writing Verilog behavioral simulation model for 'wintwo'...
WARNING:sim - Overwriting existing file
   E:/final_speed_change/final_speed/ipcore_dir/tmp/_cg/wintwo/doc/blk_mem_gen_v
   7_3_vinfo.html with file from view xilinx_documentation
Delivered 1 file into directory
E:/final_speed_change/final_speed/ipcore_dir/tmp/_cg/wintwo
Generating ASY schematic symbol...
INFO:sim:949 - Finished generation of ASY schematic symbol.
Generating SYM schematic symbol for 'wintwo'...
Generating metadata file...
Regenerating ISE project file for 'wintwo'...
Generating ISE project...
XCO file found: wintwo.xco
XMDF file found: wintwo_xmdf.tcl
Adding E:/final_speed_change/final_speed/ipcore_dir/tmp/_cg/wintwo.asy -view all
-origin_type imported
Adding E:/final_speed_change/final_speed/ipcore_dir/tmp/_cg/wintwo.ngc -view all
-origin_type created
Checking file "E:/final_speed_change/final_speed/ipcore_dir/tmp/_cg/wintwo.ngc"
for project device match ...
File "E:/final_speed_change/final_speed/ipcore_dir/tmp/_cg/wintwo.ngc" device
information matches project device.
Adding E:/final_speed_change/final_speed/ipcore_dir/tmp/_cg/wintwo.sym -view all
-origin_type imported
Adding E:/final_speed_change/final_speed/ipcore_dir/tmp/_cg/wintwo.v -view all
-origin_type created
INFO:HDLCompiler:1845 - Analyzing Verilog file
   "E:/final_speed_change/final_speed/ipcore_dir/tmp/_cg/wintwo.v" into library
   work
INFO:ProjectMgmt - Parsing design hierarchy completed successfully.
Adding E:/final_speed_change/final_speed/ipcore_dir/tmp/_cg/wintwo.veo -view all
-origin_type imported
INFO:TclTasksC:2116 - The automatic calculation of top has been turned-off.
   Please set the new top explicitly by running the "project set top" command.
   To re-calculate the new top automatically, set the "Auto Implementation Top"
   property to true.
Top level has been set to "/wintwo"
Generating README file...
Generating FLIST file...
INFO:sim:948 - Finished FLIST file generation.
Launching README viewer...
Moving files to output directory...
Finished moving files to output directory
Wrote CGP file for project 'wintwo'.
