--------------------------------------------------------------------------------
Release 14.7 Trace  (nt64)
Copyright (c) 1995-2013 Xilinx, Inc.  All rights reserved.

C:\Xilinx\14.7\ISE_DS\ISE\bin\nt64\unwrapped\trce.exe -intstyle ise -v 3 -s 2L
-n 3 -fastpaths -xml Top.twx Top.ncd -o Top.twr Top.pcf -ucf Sword_Original.ucf

Design file:              Top.ncd
Physical constraint file: Top.pcf
Device,package,speed:     xc7k160t,ffg676,C,-2L (PRODUCTION 1.10 2013-10-13)
Report level:             verbose report

Environment Variable      Effect 
--------------------      ------ 
NONE                      No environment variables were set
--------------------------------------------------------------------------------

INFO:Timing:2698 - No timing constraints found, doing default enumeration.
INFO:Timing:3412 - To improve timing, see the Timing Closure User Guide (UG612).
INFO:Timing:2752 - To get complete path coverage, use the unconstrained paths 
   option. All paths that are not constrained will be reported in the 
   unconstrained paths section(s) of the report.
INFO:Timing:3339 - The clock-to-out numbers in this timing report are based on 
   a 50 Ohm transmission line loading model.  For the details of this model, 
   and for more information on accounting for different loading conditions, 
   please see the device datasheet.



Data Sheet report:
-----------------
All values displayed in nanoseconds (ns)

Setup/Hold to clock clk
------------+------------+------------+------------+------------+------------------+--------+
            |Max Setup to|  Process   |Max Hold to |  Process   |                  | Clock  |
Source      | clk (edge) |   Corner   | clk (edge) |   Corner   |Internal Clock(s) | Phase  |
------------+------------+------------+------------+------------+------------------+--------+
ps2_clk     |    0.440(R)|      FAST  |    0.995(R)|      SLOW  |clk_BUFGP         |   0.000|
ps2_data    |    0.205(R)|      FAST  |    1.814(R)|      SLOW  |clk_BUFGP         |   0.000|
------------+------------+------------+------------+------------+------------------+--------+

Clock clk to Pad
------------+-----------------+------------+-----------------+------------+------------------+--------+
            |Max (slowest) clk|  Process   |Min (fastest) clk|  Process   |                  | Clock  |
Destination |  (edge) to PAD  |   Corner   |  (edge) to PAD  |   Corner   |Internal Clock(s) | Phase  |
------------+-----------------+------------+-----------------+------------+------------------+--------+
AN<0>       |        11.769(R)|      SLOW  |         5.035(R)|      FAST  |clk_BUFGP         |   0.000|
AN<1>       |        12.119(R)|      SLOW  |         5.232(R)|      FAST  |clk_BUFGP         |   0.000|
AN<2>       |        11.946(R)|      SLOW  |         5.062(R)|      FAST  |clk_BUFGP         |   0.000|
AN<3>       |        12.414(R)|      SLOW  |         5.393(R)|      FAST  |clk_BUFGP         |   0.000|
LED_CLK     |        10.230(R)|      SLOW  |         4.359(R)|      FAST  |clk_BUFGP         |   0.000|
SEGLED_CLK  |        10.183(R)|      SLOW  |         4.350(R)|      FAST  |clk_BUFGP         |   0.000|
SEGMENT<0>  |        12.853(R)|      SLOW  |         5.252(R)|      FAST  |clk_BUFGP         |   0.000|
SEGMENT<2>  |        12.847(R)|      SLOW  |         5.350(R)|      FAST  |clk_BUFGP         |   0.000|
SEGMENT<3>  |        12.668(R)|      SLOW  |         5.152(R)|      FAST  |clk_BUFGP         |   0.000|
SEGMENT<4>  |        12.387(R)|      SLOW  |         5.287(R)|      FAST  |clk_BUFGP         |   0.000|
SEGMENT<5>  |        12.508(R)|      SLOW  |         5.210(R)|      FAST  |clk_BUFGP         |   0.000|
SEGMENT<6>  |        12.038(R)|      SLOW  |         5.005(R)|      FAST  |clk_BUFGP         |   0.000|
------------+-----------------+------------+-----------------+------------+------------------+--------+

Clock to Setup on destination clock clk
---------------+---------+---------+---------+---------+
               | Src:Rise| Src:Fall| Src:Rise| Src:Fall|
Source Clock   |Dest:Rise|Dest:Rise|Dest:Fall|Dest:Fall|
---------------+---------+---------+---------+---------+
clk            |    7.270|         |         |         |
---------------+---------+---------+---------+---------+


Analysis completed Sat Jan 12 16:03:52 2019 
--------------------------------------------------------------------------------

Trace Settings:
-------------------------
Trace Settings 

Peak Memory Usage: 1009 MB



